<?xml version="1.0" encoding="UTF-8"?>
<!-- Generated by org.testng.reporters.JUnitReportReporter -->
<testsuite hostname="DESKTOP-UTCUA2J" failures="0" tests="1" name="com.altimetrik.OneWay_Flight_Search_Analysis" time="18.279" errors="0" timestamp="2024-06-21T17:51:11 IST" skipped="0">
  <testcase classname="com.altimetrik.OneWay_Flight_Search_Analysis" name="onewaySearchAnalysis" time="18.279"/>
  <system-out/>
</testsuite> <!-- com.altimetrik.OneWay_Flight_Search_Analysis -->
