<?xml version="1.0" encoding="UTF-8"?>
<!-- Generated by org.testng.reporters.JUnitReportReporter -->
<testsuite hostname="DESKTOP-UTCUA2J" failures="0" tests="1" name="CoustomListen.ListenTest" time="27.546" errors="0" timestamp="2024-06-22T14:01:10 IST" skipped="0">
  <testcase classname="CoustomListen.ListenTest" name="onewaySearchAnalysis" time="27.546"/>
  <system-out/>
</testsuite> <!-- CoustomListen.ListenTest -->
