<?xml version="1.0" encoding="UTF-8"?>
<!-- Generated by org.testng.reporters.JUnitReportReporter -->
<testsuite hostname="DESKTOP-UTCUA2J" failures="0" tests="1" name="com.altimetrik.OneWay_Flight_Search_Analysis" time="25.111" errors="0" timestamp="2024-06-24T17:33:30 IST" skipped="0">
  <testcase classname="com.altimetrik.OneWay_Flight_Search_Analysis" name="onewaySearchAnalysis" time="25.111"/>
  <system-out/>
</testsuite> <!-- com.altimetrik.OneWay_Flight_Search_Analysis -->
